  [1m[35m (9.4ms)[0m  [1m[35mCREATE TABLE "schema_migrations" ("version" varchar NOT NULL PRIMARY KEY)[0m
  [1m[35m (2.7ms)[0m  [1m[35mCREATE TABLE "ar_internal_metadata" ("key" varchar NOT NULL PRIMARY KEY, "value" varchar, "created_at" datetime(6) NOT NULL, "updated_at" datetime(6) NOT NULL)[0m
  [1m[36mActiveRecord::SchemaMigration Pluck (0.3ms)[0m  [1m[34mSELECT "schema_migrations"."version" FROM "schema_migrations" ORDER BY "schema_migrations"."version" ASC[0m
Migrating to CreateEvents (20220321191838)
  [1m[36mTRANSACTION (0.1ms)[0m  [1m[36mbegin transaction[0m
  [1m[35m (0.8ms)[0m  [1m[35mCREATE TABLE "events" ("id" integer PRIMARY KEY AUTOINCREMENT NOT NULL, "name" varchar, "description" text, "start_date" datetime(6), "end_date" datetime(6), "created_at" datetime(6) NOT NULL, "updated_at" datetime(6) NOT NULL)[0m
  [1m[36mActiveRecord::SchemaMigration Create (0.4ms)[0m  [1m[32mINSERT INTO "schema_migrations" ("version") VALUES (?)[0m  [["version", "20220321191838"]]
  [1m[36mTRANSACTION (6.7ms)[0m  [1m[36mcommit transaction[0m
Migrating to CreateCustomer (20230327231052)
  [1m[36mTRANSACTION (4.0ms)[0m  [1m[36mbegin transaction[0m
  [1m[35m (0.6ms)[0m  [1m[35mCREATE TABLE "customers" ("id" integer PRIMARY KEY AUTOINCREMENT NOT NULL, "first_name" varchar, "last_name" varchar, "email" varchar, "phone" varchar, "password" varchar, "address" varchar, "created_at" datetime(6) NOT NULL, "updated_at" datetime(6) NOT NULL)[0m
  [1m[36mActiveRecord::SchemaMigration Create (0.2ms)[0m  [1m[32mINSERT INTO "schema_migrations" ("version") VALUES (?)[0m  [["version", "20230327231052"]]
  [1m[36mTRANSACTION (6.3ms)[0m  [1m[36mcommit transaction[0m
Migrating to CreateEventVenue (20230327231146)
  [1m[36mTRANSACTION (0.1ms)[0m  [1m[36mbegin transaction[0m
  [1m[35m (0.6ms)[0m  [1m[35mCREATE TABLE "event_venues" ("id" integer PRIMARY KEY AUTOINCREMENT NOT NULL, "name" varchar, "address" varchar, "capacity" integer, "created_at" datetime(6) NOT NULL, "updated_at" datetime(6) NOT NULL)[0m
  [1m[36mActiveRecord::SchemaMigration Create (0.2ms)[0m  [1m[32mINSERT INTO "schema_migrations" ("version") VALUES (?)[0m  [["version", "20230327231146"]]
  [1m[36mTRANSACTION (1.6ms)[0m  [1m[36mcommit transaction[0m
Migrating to AddEventVenueRefToEvent (20230327231214)
  [1m[36mTRANSACTION (0.1ms)[0m  [1m[36mbegin transaction[0m
  [1m[35m (0.1ms)[0m  [1m[35mPRAGMA foreign_keys[0m
  [1m[35m (0.1ms)[0m  [1m[35mPRAGMA defer_foreign_keys[0m
  [1m[35m (0.1ms)[0m  [1m[35mPRAGMA defer_foreign_keys = ON[0m
  [1m[35m (0.1ms)[0m  [1m[35mPRAGMA foreign_keys = OFF[0m
  [1m[35m (0.3ms)[0m  [1m[35mCREATE TEMPORARY TABLE "aevents" ("id" integer NOT NULL PRIMARY KEY, "name" varchar DEFAULT NULL, "description" text DEFAULT NULL, "start_date" datetime(6) DEFAULT NULL, "end_date" datetime(6) DEFAULT NULL, "created_at" datetime(6) NOT NULL, "updated_at" datetime(6) NOT NULL)[0m
  [1m[35m (0.1ms)[0m  [1m[32mINSERT INTO "aevents" ("id","name","description","start_date","end_date","created_at","updated_at")
                     SELECT "id","name","description","start_date","end_date","created_at","updated_at" FROM "events"[0m
  [1m[35m (6.5ms)[0m  [1m[35mDROP TABLE "events"[0m
  [1m[35m (0.3ms)[0m  [1m[35mCREATE TABLE "events" ("id" integer NOT NULL PRIMARY KEY, "name" varchar DEFAULT NULL, "description" text DEFAULT NULL, "start_date" datetime(6) DEFAULT NULL, "end_date" datetime(6) DEFAULT NULL, "created_at" datetime(6) NOT NULL, "updated_at" datetime(6) NOT NULL, "event_venue_id" integer NOT NULL)[0m
  [1m[35m (0.1ms)[0m  [1m[32mINSERT INTO "events" ("id","name","description","start_date","end_date","created_at","updated_at")
                     SELECT "id","name","description","start_date","end_date","created_at","updated_at" FROM "aevents"[0m
  [1m[35m (0.2ms)[0m  [1m[35mDROP TABLE "aevents"[0m
  [1m[35m (4.2ms)[0m  [1m[35mPRAGMA defer_foreign_keys = 0[0m
  [1m[35m (0.1ms)[0m  [1m[35mPRAGMA foreign_keys = 1[0m
  [1m[35m (0.2ms)[0m  [1m[35mCREATE INDEX "index_events_on_event_venue_id" ON "events" ("event_venue_id")[0m
  [1m[35m (0.0ms)[0m  [1m[35mPRAGMA foreign_keys[0m
  [1m[35m (0.1ms)[0m  [1m[35mPRAGMA defer_foreign_keys[0m
  [1m[35m (0.0ms)[0m  [1m[35mPRAGMA defer_foreign_keys = ON[0m
  [1m[35m (0.0ms)[0m  [1m[35mPRAGMA foreign_keys = OFF[0m
  [1m[35m (0.2ms)[0m  [1m[35mCREATE TEMPORARY TABLE "aevents" ("id" integer NOT NULL PRIMARY KEY, "name" varchar DEFAULT NULL, "description" text DEFAULT NULL, "start_date" datetime(6) DEFAULT NULL, "end_date" datetime(6) DEFAULT NULL, "created_at" datetime(6) NOT NULL, "updated_at" datetime(6) NOT NULL, "event_venue_id" integer NOT NULL)[0m
  [1m[35m (0.1ms)[0m  [1m[35mCREATE INDEX "tindex_aevents_on_event_venue_id" ON "aevents" ("event_venue_id")[0m
  [1m[35m (0.1ms)[0m  [1m[32mINSERT INTO "aevents" ("id","name","description","start_date","end_date","created_at","updated_at","event_venue_id")
                     SELECT "id","name","description","start_date","end_date","created_at","updated_at","event_venue_id" FROM "events"[0m
  [1m[35m (0.6ms)[0m  [1m[35mDROP TABLE "events"[0m
  [1m[35m (0.2ms)[0m  [1m[35mCREATE TABLE "events" ("id" integer NOT NULL PRIMARY KEY, "name" varchar DEFAULT NULL, "description" text DEFAULT NULL, "start_date" datetime(6) DEFAULT NULL, "end_date" datetime(6) DEFAULT NULL, "created_at" datetime(6) NOT NULL, "updated_at" datetime(6) NOT NULL, "event_venue_id" integer NOT NULL, CONSTRAINT "fk_rails_07a8e73ad7"
FOREIGN KEY ("event_venue_id")
  REFERENCES "event_venues" ("id")
)[0m
  [1m[35m (0.1ms)[0m  [1m[35mCREATE INDEX "index_events_on_event_venue_id" ON "events" ("event_venue_id")[0m
  [1m[35m (0.2ms)[0m  [1m[32mINSERT INTO "events" ("id","name","description","start_date","end_date","created_at","updated_at","event_venue_id")
                     SELECT "id","name","description","start_date","end_date","created_at","updated_at","event_venue_id" FROM "aevents"[0m
  [1m[35m (0.5ms)[0m  [1m[35mDROP TABLE "aevents"[0m
  [1m[35m (0.1ms)[0m  [1m[35mPRAGMA defer_foreign_keys = 0[0m
  [1m[35m (0.0ms)[0m  [1m[35mPRAGMA foreign_keys = 1[0m
  [1m[36mActiveRecord::SchemaMigration Create (0.2ms)[0m  [1m[32mINSERT INTO "schema_migrations" ("version") VALUES (?)[0m  [["version", "20230327231214"]]
  [1m[36mTRANSACTION (2.5ms)[0m  [1m[36mcommit transaction[0m
Migrating to CreateTicketType (20230327231324)
  [1m[36mTRANSACTION (0.1ms)[0m  [1m[36mbegin transaction[0m
  [1m[35m (2.3ms)[0m  [1m[35mCREATE TABLE "ticket_types" ("id" integer PRIMARY KEY AUTOINCREMENT NOT NULL, "name" varchar, "price" integer, "created_at" datetime(6) NOT NULL, "updated_at" datetime(6) NOT NULL)[0m
  [1m[36mActiveRecord::SchemaMigration Create (0.9ms)[0m  [1m[32mINSERT INTO "schema_migrations" ("version") VALUES (?)[0m  [["version", "20230327231324"]]
  [1m[36mTRANSACTION (5.2ms)[0m  [1m[36mcommit transaction[0m
Migrating to AddEventRefToTicketType (20230327231637)
  [1m[36mTRANSACTION (0.1ms)[0m  [1m[36mbegin transaction[0m
  [1m[35m (0.0ms)[0m  [1m[35mPRAGMA foreign_keys[0m
  [1m[35m (0.0ms)[0m  [1m[35mPRAGMA defer_foreign_keys[0m
  [1m[35m (0.5ms)[0m  [1m[35mPRAGMA defer_foreign_keys = ON[0m
  [1m[35m (0.1ms)[0m  [1m[35mPRAGMA foreign_keys = OFF[0m
  [1m[35m (0.2ms)[0m  [1m[35mCREATE TEMPORARY TABLE "aticket_types" ("id" integer NOT NULL PRIMARY KEY, "name" varchar DEFAULT NULL, "price" integer DEFAULT NULL, "created_at" datetime(6) NOT NULL, "updated_at" datetime(6) NOT NULL)[0m
  [1m[35m (0.1ms)[0m  [1m[32mINSERT INTO "aticket_types" ("id","name","price","created_at","updated_at")
                     SELECT "id","name","price","created_at","updated_at" FROM "ticket_types"[0m
  [1m[35m (0.7ms)[0m  [1m[35mDROP TABLE "ticket_types"[0m
  [1m[35m (0.2ms)[0m  [1m[35mCREATE TABLE "ticket_types" ("id" integer NOT NULL PRIMARY KEY, "name" varchar DEFAULT NULL, "price" integer DEFAULT NULL, "created_at" datetime(6) NOT NULL, "updated_at" datetime(6) NOT NULL, "event_id" integer NOT NULL)[0m
  [1m[35m (0.1ms)[0m  [1m[32mINSERT INTO "ticket_types" ("id","name","price","created_at","updated_at")
                     SELECT "id","name","price","created_at","updated_at" FROM "aticket_types"[0m
  [1m[35m (0.1ms)[0m  [1m[35mDROP TABLE "aticket_types"[0m
  [1m[35m (0.1ms)[0m  [1m[35mPRAGMA defer_foreign_keys = 0[0m
  [1m[35m (0.1ms)[0m  [1m[35mPRAGMA foreign_keys = 1[0m
  [1m[35m (0.2ms)[0m  [1m[35mCREATE INDEX "index_ticket_types_on_event_id" ON "ticket_types" ("event_id")[0m
  [1m[35m (0.0ms)[0m  [1m[35mPRAGMA foreign_keys[0m
  [1m[35m (0.2ms)[0m  [1m[35mPRAGMA defer_foreign_keys[0m
  [1m[35m (0.1ms)[0m  [1m[35mPRAGMA defer_foreign_keys = ON[0m
  [1m[35m (0.1ms)[0m  [1m[35mPRAGMA foreign_keys = OFF[0m
  [1m[35m (0.2ms)[0m  [1m[35mCREATE TEMPORARY TABLE "aticket_types" ("id" integer NOT NULL PRIMARY KEY, "name" varchar DEFAULT NULL, "price" integer DEFAULT NULL, "created_at" datetime(6) NOT NULL, "updated_at" datetime(6) NOT NULL, "event_id" integer NOT NULL)[0m
  [1m[35m (0.1ms)[0m  [1m[35mCREATE INDEX "tindex_aticket_types_on_event_id" ON "aticket_types" ("event_id")[0m
  [1m[35m (0.1ms)[0m  [1m[32mINSERT INTO "aticket_types" ("id","name","price","created_at","updated_at","event_id")
                     SELECT "id","name","price","created_at","updated_at","event_id" FROM "ticket_types"[0m
  [1m[35m (0.2ms)[0m  [1m[35mDROP TABLE "ticket_types"[0m
  [1m[35m (0.3ms)[0m  [1m[35mCREATE TABLE "ticket_types" ("id" integer NOT NULL PRIMARY KEY, "name" varchar DEFAULT NULL, "price" integer DEFAULT NULL, "created_at" datetime(6) NOT NULL, "updated_at" datetime(6) NOT NULL, "event_id" integer NOT NULL, CONSTRAINT "fk_rails_3f5bd3dab9"
FOREIGN KEY ("event_id")
  REFERENCES "events" ("id")
)[0m
  [1m[35m (0.3ms)[0m  [1m[35mCREATE INDEX "index_ticket_types_on_event_id" ON "ticket_types" ("event_id")[0m
  [1m[35m (0.1ms)[0m  [1m[32mINSERT INTO "ticket_types" ("id","name","price","created_at","updated_at","event_id")
                     SELECT "id","name","price","created_at","updated_at","event_id" FROM "aticket_types"[0m
  [1m[35m (0.1ms)[0m  [1m[35mDROP TABLE "aticket_types"[0m
  [1m[35m (0.0ms)[0m  [1m[35mPRAGMA defer_foreign_keys = 0[0m
  [1m[35m (0.0ms)[0m  [1m[35mPRAGMA foreign_keys = 1[0m
  [1m[36mActiveRecord::SchemaMigration Create (0.3ms)[0m  [1m[32mINSERT INTO "schema_migrations" ("version") VALUES (?)[0m  [["version", "20230327231637"]]
  [1m[36mTRANSACTION (1.8ms)[0m  [1m[36mcommit transaction[0m
  [1m[36mActiveRecord::InternalMetadata Load (0.2ms)[0m  [1m[34mSELECT "ar_internal_metadata".* FROM "ar_internal_metadata" WHERE "ar_internal_metadata"."key" = ? LIMIT ?[0m  [["key", "environment"], ["LIMIT", 1]]
  [1m[36mTRANSACTION (0.1ms)[0m  [1m[36mbegin transaction[0m
  [1m[36mActiveRecord::InternalMetadata Create (0.5ms)[0m  [1m[32mINSERT INTO "ar_internal_metadata" ("key", "value", "created_at", "updated_at") VALUES (?, ?, ?, ?)[0m  [["key", "environment"], ["value", "development"], ["created_at", "2023-03-27 23:16:49.171174"], ["updated_at", "2023-03-27 23:16:49.171174"]]
  [1m[36mTRANSACTION (1.8ms)[0m  [1m[36mcommit transaction[0m
  [1m[36mActiveRecord::SchemaMigration Pluck (0.2ms)[0m  [1m[34mSELECT "schema_migrations"."version" FROM "schema_migrations" ORDER BY "schema_migrations"."version" ASC[0m
  [1m[36mActiveRecord::SchemaMigration Pluck (1.9ms)[0m  [1m[34mSELECT "schema_migrations"."version" FROM "schema_migrations" ORDER BY "schema_migrations"."version" ASC[0m
  [1m[36mTRANSACTION (0.1ms)[0m  [1m[36mbegin transaction[0m
  [1m[36mCustomer Create (12.4ms)[0m  [1m[32mINSERT INTO "customers" ("first_name", "last_name", "email", "phone", "password", "address", "created_at", "updated_at") VALUES (?, ?, ?, ?, ?, ?, ?, ?)[0m  [["first_name", "Harry"], ["last_name", "Styles"], ["email", "hs@gmail.com"], ["phone", "24678888"], ["password", "[FILTERED]"], ["address", "Jorge VI 696"], ["created_at", "2023-03-27 23:17:45.076296"], ["updated_at", "2023-03-27 23:17:45.076296"]]
  [1m[36mTRANSACTION (11.0ms)[0m  [1m[36mcommit transaction[0m
  [1m[36mTRANSACTION (0.1ms)[0m  [1m[36mbegin transaction[0m
  [1m[36mCustomer Create (2.1ms)[0m  [1m[32mINSERT INTO "customers" ("first_name", "last_name", "email", "phone", "password", "address", "created_at", "updated_at") VALUES (?, ?, ?, ?, ?, ?, ?, ?)[0m  [["first_name", "Keanu"], ["last_name", "Reeves"], ["email", "kreeves@gmail.com"], ["phone", "24678899"], ["password", "[FILTERED]"], ["address", "Monseñor Álvaro del Portillo 12455"], ["created_at", "2023-03-27 23:17:45.105559"], ["updated_at", "2023-03-27 23:17:45.105559"]]
  [1m[36mTRANSACTION (2.2ms)[0m  [1m[36mcommit transaction[0m
  [1m[36mTRANSACTION (0.1ms)[0m  [1m[36mbegin transaction[0m
  [1m[36mEventVenue Create (0.5ms)[0m  [1m[32mINSERT INTO "event_venues" ("name", "address", "capacity", "created_at", "updated_at") VALUES (?, ?, ?, ?, ?)[0m  [["name", "Movistar Arena"], ["address", "Tupper 1941"], ["capacity", 300], ["created_at", "2023-03-27 23:17:45.120622"], ["updated_at", "2023-03-27 23:17:45.120622"]]
  [1m[36mTRANSACTION (5.3ms)[0m  [1m[36mcommit transaction[0m
  [1m[36mTRANSACTION (0.1ms)[0m  [1m[36mbegin transaction[0m
  [1m[36mEventVenue Create (0.4ms)[0m  [1m[32mINSERT INTO "event_venues" ("name", "address", "capacity", "created_at", "updated_at") VALUES (?, ?, ?, ?, ?)[0m  [["name", "Estadio Nacional"], ["address", "Av. Grecia 2001"], ["capacity", 500], ["created_at", "2023-03-27 23:17:45.130280"], ["updated_at", "2023-03-27 23:17:45.130280"]]
  [1m[36mTRANSACTION (2.0ms)[0m  [1m[36mcommit transaction[0m
  [1m[36mTRANSACTION (0.1ms)[0m  [1m[36mbegin transaction[0m
  [1m[36mEventVenue Create (0.4ms)[0m  [1m[32mINSERT INTO "event_venues" ("name", "address", "capacity", "created_at", "updated_at") VALUES (?, ?, ?, ?, ?)[0m  [["name", "Estadio Bicentenario"], ["address", "Enrique Olivares 1003"], ["capacity", 400], ["created_at", "2023-03-27 23:17:45.136362"], ["updated_at", "2023-03-27 23:17:45.136362"]]
  [1m[36mTRANSACTION (1.6ms)[0m  [1m[36mcommit transaction[0m
  [1m[36mTRANSACTION (0.1ms)[0m  [1m[36mbegin transaction[0m
  [1m[36mEvent Create (1.6ms)[0m  [1m[32mINSERT INTO "events" ("name", "description", "start_date", "end_date", "created_at", "updated_at", "event_venue_id") VALUES (?, ?, ?, ?, ?, ?, ?)[0m  [["name", nil], ["description", nil], ["start_date", nil], ["end_date", nil], ["created_at", "2023-03-27 23:17:45.172920"], ["updated_at", "2023-03-27 23:17:45.172920"], ["event_venue_id", 1]]
  [1m[36mTRANSACTION (6.1ms)[0m  [1m[36mcommit transaction[0m
  [1m[36mTRANSACTION (0.1ms)[0m  [1m[36mbegin transaction[0m
  [1m[36mEvent Create (0.6ms)[0m  [1m[32mINSERT INTO "events" ("name", "description", "start_date", "end_date", "created_at", "updated_at", "event_venue_id") VALUES (?, ?, ?, ?, ?, ?, ?)[0m  [["name", nil], ["description", nil], ["start_date", nil], ["end_date", nil], ["created_at", "2023-03-27 23:17:45.186683"], ["updated_at", "2023-03-27 23:17:45.186683"], ["event_venue_id", 2]]
  [1m[36mTRANSACTION (1.8ms)[0m  [1m[36mcommit transaction[0m
  [1m[36mTRANSACTION (0.1ms)[0m  [1m[36mbegin transaction[0m
  [1m[36mTicketType Create (1.6ms)[0m  [1m[32mINSERT INTO "ticket_types" ("name", "price", "created_at", "updated_at", "event_id") VALUES (?, ?, ?, ?, ?)[0m  [["name", "General"], ["price", 40000], ["created_at", "2023-03-27 23:17:45.214227"], ["updated_at", "2023-03-27 23:17:45.214227"], ["event_id", 1]]
  [1m[36mTRANSACTION (3.7ms)[0m  [1m[36mcommit transaction[0m
  [1m[36mTRANSACTION (0.1ms)[0m  [1m[36mbegin transaction[0m
  [1m[36mTicketType Create (0.5ms)[0m  [1m[32mINSERT INTO "ticket_types" ("name", "price", "created_at", "updated_at", "event_id") VALUES (?, ?, ?, ?, ?)[0m  [["name", "Golden"], ["price", 60000], ["created_at", "2023-03-27 23:17:45.273980"], ["updated_at", "2023-03-27 23:17:45.273980"], ["event_id", 1]]
  [1m[36mTRANSACTION (5.9ms)[0m  [1m[36mcommit transaction[0m
  [1m[36mTRANSACTION (0.1ms)[0m  [1m[36mbegin transaction[0m
  [1m[36mTicketType Create (0.6ms)[0m  [1m[32mINSERT INTO "ticket_types" ("name", "price", "created_at", "updated_at", "event_id") VALUES (?, ?, ?, ?, ?)[0m  [["name", "Standard"], ["price", 35000], ["created_at", "2023-03-27 23:17:45.290241"], ["updated_at", "2023-03-27 23:17:45.290241"], ["event_id", 2]]
  [1m[36mTRANSACTION (3.3ms)[0m  [1m[36mcommit transaction[0m
  [1m[36mTRANSACTION (0.1ms)[0m  [1m[36mbegin transaction[0m
  [1m[36mTicketType Create (0.6ms)[0m  [1m[32mINSERT INTO "ticket_types" ("name", "price", "created_at", "updated_at", "event_id") VALUES (?, ?, ?, ?, ?)[0m  [["name", "Luxury"], ["price", 80000], ["created_at", "2023-03-27 23:17:45.310463"], ["updated_at", "2023-03-27 23:17:45.310463"], ["event_id", 1]]
  [1m[36mTRANSACTION (11.8ms)[0m  [1m[36mcommit transaction[0m
  [1m[36mEvent Load (1.8ms)[0m  [1m[34mSELECT "events".* FROM "events"[0m
Started GET "/" for 127.0.0.1 at 2023-03-27 20:19:57 -0300
  [1m[36mActiveRecord::SchemaMigration Pluck (1.4ms)[0m  [1m[34mSELECT "schema_migrations"."version" FROM "schema_migrations" ORDER BY "schema_migrations"."version" ASC[0m
Processing by Rails::WelcomeController#index as HTML
  Rendering /Users/amparoquiroz/.rvm/gems/ruby-3.2.0/gems/railties-7.0.4.1/lib/rails/templates/rails/welcome/index.html.erb
  Rendered /Users/amparoquiroz/.rvm/gems/ruby-3.2.0/gems/railties-7.0.4.1/lib/rails/templates/rails/welcome/index.html.erb (Duration: 11.2ms | Allocations: 604)
Completed 200 OK in 60ms (Views: 25.2ms | ActiveRecord: 0.0ms | Allocations: 5029)


